0:100  0:100  MemLog inited, TSC freq: 4200573460
0:100  0:000  CPU was calibrated with RTC
0:100  0:000  
0:100  0:000  Now is 1.4.2019,  21:19:18 (GMT)
0:100  0:000  Starting Clover revision: 4380 on American Megatrends EFI
0:100  0:000  Build with: [Args: -D NO_GRUB_DRIVERS_EMBEDDED -t XCODE8 | -D NO_GRUB_DRIVERS_EMBEDDED -D USE_LOW_EBDA -a X64 -b RELEASE -t XCODE8 -n 5 | OS: 10.12.6 | XCODE: 9.2]
0:100  0:000  SelfDevicePath=PciRoot(0x0)\Pci(0x17,0x0)\Sata(0x1,0xFFFF,0x0)\HD(1,GPT,9C92A48B-F2FA-4495-BA28-D58D8A4552C1,0x28,0x64000) @C2FF0358
0:100  0:000  SelfDirPath = \EFI\BOOT
0:104  0:004  === [ Get Smbios ] ========================================
0:104  0:000  Type 16 Index = 0
0:104  0:000  Total Memory Slots Count = 2
0:104  0:000  Type 17 Index = 0
0:104  0:000  SmbiosTable.Type17->Speed = 3200MHz
0:104  0:000  SmbiosTable.Type17->Size = 8192MB
0:104  0:000  SmbiosTable.Type17->Bank/Device = BANK 0 DIMM_A1
0:104  0:000  SmbiosTable.Type17->Vendor = Corsair
0:104  0:000  SmbiosTable.Type17->SerialNumber = 00000000
0:104  0:000  SmbiosTable.Type17->PartNumber = CMK16GX4M2B3200C16  
0:104  0:000  Type 17 Index = 1
0:104  0:000  SmbiosTable.Type17->Speed = 3200MHz
0:104  0:000  SmbiosTable.Type17->Size = 8192MB
0:104  0:000  SmbiosTable.Type17->Bank/Device = BANK 2 DIMM_B1
0:104  0:000  SmbiosTable.Type17->Vendor = Corsair
0:104  0:000  SmbiosTable.Type17->SerialNumber = 00000000
0:104  0:000  SmbiosTable.Type17->PartNumber = CMK16GX4M2B3200C16  
0:104  0:000  Boot status=0
0:104  0:000  Running on: 'System Product Name' with board 'Z170I PRO GAMING'
0:104  0:000  === [ GetCPUProperties ] ==================================
0:104  0:000  CPU Vendor = 756E6547 Model=906E9
0:104  0:000   The CPU supported SSE4.1
0:104  0:000  BrandString = Intel(R) Core(TM) i7-7700K CPU @ 4.20GHz
0:104  0:000   The CPU supported turbo
0:104  0:000  MSR 0x35               40008
0:104  0:000   TSC/CCC Information Leaf:
0:104  0:000    numerator     : 350
0:104  0:000    denominator   : 2
0:104  0:000   Calibrated ARTFrequency: 24003276
0:104  0:000  MSR 0xE2 before patch 1E000000
0:104  0:000  MSR 0xCE              00080838_F1012A00
0:104  0:000  corrected FLEX_RATIO = E0000
0:104  0:000  FSBFrequency = 100 MHz, DMI FSBFrequency = 100 MHz, Corrected FSBFrequency = 100 MHz
0:104  0:000  MaxDiv/MinDiv: 42.0/8
0:104  0:000  Turbo: 46/46/46/46
0:104  0:000  Features: 0xBFEBFBFF
0:104  0:000  Threads: 8
0:104  0:000  Cores: 4
0:104  0:000  FSB: 100 MHz
0:104  0:000  CPU: 4200 MHz
0:104  0:000  TSC: 4200 MHz
0:104  0:000  PIS: 100 MHz
0:104  0:000  ExternalClock: 25 MHz
0:104  0:000  === [ GetDevices ] ========================================
0:104  0:000  PCI (00|00:00.00) : 8086 591F class=060000
0:104  0:000  PCI (00|00:01.00) : 8086 1901 class=060400
0:104  0:000  PCI (00|01:00.00) : 10DE 1B80 class=030000
0:104  0:000   - GFX: Model=EVGA GeForce GTX 1080 family 134 (Nvidia)
0:104  0:000  PCI (00|01:00.01) : 10DE 10F0 class=040300
0:104  0:000   - HDMI Audio: 
0:104  0:000  PCI (00|00:14.00) : 8086 A12F class=0C0330
0:104  0:000  PCI (00|00:16.00) : 8086 A13A class=078000
0:104  0:000  PCI (00|00:17.00) : 8086 A102 class=010601
0:104  0:000  PCI (00|00:1B.00) : 8086 A167 class=060400
0:104  0:000  PCI (00|00:1C.00) : 8086 A110 class=060400
0:104  0:000  PCI (00|00:1D.00) : 8086 A118 class=060400
0:104  0:000  PCI (00|00:1D.01) : 8086 A119 class=060400
0:104  0:000  PCI (00|05:00.00) : 168C 003E class=028000
0:104  0:000   - WIFI: Vendor=Atheros
0:104  0:000  PCI (00|00:1D.02) : 8086 A11A class=060400
0:104  0:000  PCI (00|06:00.00) : 1B21 1242 class=0C0330
0:104  0:000  PCI (00|00:1F.00) : 8086 A145 class=060100
0:104  0:000  PCI (00|00:1F.02) : 8086 A121 class=058000
0:104  0:000  PCI (00|00:1F.03) : 8086 A170 class=040300
0:104  0:000  PCI (00|00:1F.04) : 8086 A123 class=0C0500
0:104  0:000  PCI (00|00:1F.06) : 8086 15B8 class=020000
0:104  0:000   - LAN: 0 Vendor=Intel
0:104  0:000  === [ GetDefaultSettings ] ================================
0:104  0:000  Clover load options size = 0 bytes
0:113  0:008  EFI\CLOVER\config.plist loaded: Success
0:113  0:000  === [ GetListOfThemes ] ===================================
0:114  0:001  - [00]: embedded
0:118  0:004  - [00]: random
0:122  0:004  === [ Found config plists ] ===============================
0:124  0:001  - config-Haswell.plist
0:125  0:001  - config-Skylake.plist
0:127  0:001  - config.plist
0:129  0:002  === [ GetEarlyUserSettings ] ==============================
0:129  0:000  timeout set to -1
0:129  0:000  Custom boot CUSTOM_BOOT_DISABLED (0x0)
0:129  0:000  KextsToPatch: 5 requested
0:129  0:000   - [00]: AppleAHCIPort (External Drives as Internal to fix Orange Icons) :: BinPatch :: data len: 8
0:129  0:000   - [01]: AppleGraphicsDevicePolicy ((c)Pike R. Alpha) :: BinPatch :: data len: 8
0:129  0:000   - [02]: AppleUSBXHCIPCI (change 15 port limit to 26) :: MatchOS: 10.11.x :: BinPatch :: data len: 7
0:129  0:000   - [03]: AppleUSBXHCIPCI (change 15 port limit to 26) :: MatchOS: 10.12.x :: BinPatch :: data len: 7
0:129  0:000   - [04]: AppleUSBXHCIPCI (change 15 port limit to 24) :: MatchOS: 10.13.x :: BinPatch :: data len: 4
0:129  0:000  Default theme: embedded
0:129  0:000  Hiding entries with string System Reserved
0:129  0:000  Hiding entries with string Recovery
0:129  0:000  Hiding entries with string Windows
0:129  0:000  Hiding entries with string Preboot
0:129  0:000  === [ LoadDrivers ] =======================================
0:130  0:000  Loading apfs.efi  status=Success
0:138  0:008   - driver needs connecting
0:138  0:000  Loading AppleImageCodec-64.efi  status=Success
0:142  0:004  Loading AppleKeyAggregator-64.efi  status=Success
0:147  0:004  Loading AppleUITheme-64.efi  status=Success
0:152  0:004  Loading DataHubDxe-64.efi  status=Success
0:158  0:005  Loading FirmwareVolume-64.efi  status=Success
0:162  0:004  Loading FSInject-64.efi  status=Success
0:166  0:004  Loading OsxAptioFix3Drv-64.efi  status=Success
0:171  0:004  Loading SMCHelper-64.efi  status=Success
0:175  0:004  Loading VBoxHfs-64.efi  status=Success
0:179  0:004   - driver needs connecting
0:180  0:000  2 drivers needs connecting ...
0:180  0:000  PlatformDriverOverrideProtocol->GetDriver overriden
0:180  0:000  APFS driver loaded
0:180  0:000  Searching for invalid DiskIo BY_DRIVER connects: not found, all ok
0:537  0:357  === [ InitScreen ] ========================================
0:537  0:000  SetScreenResolution: 1920x1080 - not found!
0:537  0:000  SetMaxResolution: found best mode 2: 1280x1024
0:686  0:148  Video mode change to mode #2: Success
0:686  0:000   - set
0:686  0:000  Console modes reported: 4, available modes:
0:686  0:000   - [01]: 80x25 (current mode)
0:686  0:000   - [02]: 80x50
0:686  0:000   - [03]: 100x31
0:686  0:000   - [04]: 160x53
0:686  0:000  reinit: self device path=PciRoot(0x0)\Pci(0x17,0x0)\Sata(0x1,0xFFFF,0x0)\HD(1,GPT,9C92A48B-F2FA-4495-BA28-D58D8A4552C1,0x28,0x64000)
0:689  0:003  === [ GetMacAddress ] =====================================
0:689  0:000   get legacy LAN MAC, 1 card found
0:689  0:000  Legacy MAC address of LAN #0= 70:8B:CD:A2:DA:25:
0:689  0:000  === [ ScanSPD ] ===========================================
0:689  0:000  SMBus device : 8086 A123 class=0C0500 status=Success
0:689  0:000  SMBus CmdReg: 0x3
0:689  0:000  Scanning SMBus [8086:A123], mmio: 0xF754A004, ioport: 0xF000, hostc: 0x11
0:689  0:000  Slots to scan [8]...
0:690  0:000  SPD[0]: Type 12 @0x50
0:707  0:017  XMP Profile1: 5*125 0 ns
0:707  0:000  Found module with XMP version 2.0
0:707  0:000  Using XMP Profile1 instead of standard frequency 2132MHz
0:707  0:000  DDR speed 3200MHz
0:707  0:000  Slot: 0 Type 26 8192MB 3200MHz Vendor=Corsair PartNo=CMK16GX4M2B3200C16 SerialNo=0000000000000000
0:708  0:000  SPD[2]: Type 12 @0x52
0:726  0:017  XMP Profile1: 5*125 0 ns
0:726  0:000  Found module with XMP version 2.0
0:726  0:000  Using XMP Profile1 instead of standard frequency 2132MHz
0:726  0:000  DDR speed 3200MHz
0:726  0:000  Slot: 2 Type 26 8192MB 3200MHz Vendor=Corsair PartNo=CMK16GX4M2B3200C16 SerialNo=0000000000000000
0:727  0:000  === [ GetAcpiTablesList ] =================================
0:727  0:000  Get Acpi Tables List from RSDT:
0:727  0:000   - [00]: FACP  A M I  len=132
0:727  0:000   - [01]: APIC  A M I  len=188
0:727  0:000   - [02]: FPDT  A M I  len=68
0:727  0:000   - [03]: BGRT  A M I  len=56
0:727  0:000   - [04]: MCFG  A M I  len=60
0:727  0:000   - [05]: SSDT  SataTabl len=912
0:727  0:000   - [06]: FIDT  A M I len=156
0:727  0:000   - [07]: SSDT  SaSsdt  len=12353
0:727  0:000   - [08]: SSDT  PegSsdt len=9540
0:727  0:000   - [09]: HPET  KBL len=56
0:727  0:000   - [10]: SSDT  Ther_Rvp len=3643
0:727  0:000   - [11]: SSDT  xh_rvp08 len=2841
0:727  0:000   - [12]: UEFI  EDK2     len=66
0:727  0:000   - [13]: SSDT  CpuSsdt len=3806
0:727  0:000   - [14]: LPIT  KBL len=148
0:727  0:000   - [15]: WSMT  KBL len=40
0:727  0:000   - [16]: SSDT  sensrhub len=671
0:727  0:000   - [17]: SSDT  PtidDevc len=12290
0:727  0:000   - [18]: DBGP   len=52
0:727  0:000   - [19]: DBG2   len=84
0:727  0:000  Calibrated TSC Frequency = 4200573460 = 4200MHz
0:727  0:000  === [ GetUserSettings ] ===================================
0:727  0:000  Add 1 properties:
0:727  0:000   - [00]: IntelGFX, len: 4
0:727  0:000  USB FixOwnership: yes
0:727  0:000  Dropping 3 tables:
0:727  0:000   - [00]: Drop table  signature="SSDT" (54445353) table-id="CpuPm" (0000006D50757043)
0:727  0:000           - set table: 54445353,       6D50757043 to drop: no
0:727  0:000   - [01]: Drop table  signature="DMAR" (52414D44)
0:727  0:000           - set table: 52414D44,                0 to drop: no
0:727  0:000   - [02]: Drop table  signature="SSDT" (54445353) table-id="Cpu0Ist" (0074734930757043)
0:727  0:000           - set table: 54445353,   74734930757043 to drop: no
0:727  0:000   - final DSDT Fix mask=00000000
0:727  0:000  PatchesDSDT: 7 requested
0:727  0:000   - [00]: (Rename HDAS to HDEF) lenToFind: 4, lenToReplace: 4, Target Bridge: <null string>
0:727  0:000   - [01]: (change EC0 to EC) lenToFind: 4, lenToReplace: 4, Target Bridge: <null string>
0:727  0:000   - [02]: (change XHCI to XHC) lenToFind: 4, lenToReplace: 4, Target Bridge: <null string>
0:727  0:000   - [03]: (change XHC1 to XHC) lenToFind: 4, lenToReplace: 4, Target Bridge: <null string>
0:727  0:000   - [04]: (change HECI to IMEI) lenToFind: 4, lenToReplace: 4, Target Bridge: <null string>
0:727  0:000   - [05]: (change GFX0 to IGPU) lenToFind: 4, lenToReplace: 4, Target Bridge: <null string>
0:727  0:000   - [06]: (change PEGP to GFX0) lenToFind: 4, lenToReplace: 4, Target Bridge: <null string>
0:727  0:000  Using ProductName from config
0:727  0:000  ProductName: iMac18,3
0:727  0:000  Found same BiosVersion in clover and config
0:727  0:000  BiosVersion: IM183.88Z.0151.B00.1708080034
0:727  0:000  BiosReleaseDate: 08/08/2017
0:727  0:000  Using FirmwareFeatures from config: 0xFC0FE136
0:727  0:000  Using FirmwareFeaturesMask from config: 0xFF1FFF3F
0:727  0:000  Board-ID set from config as Mac-BE088AF8C5EB4FA2
0:727  0:000  BoardType: 0xA
0:727  0:000  ChassisType: 0x9
1:114  0:387  === [ ScanVolumes ] =======================================
1:114  0:000  Found 11 volumes with blockIO
1:114  0:000  - [00]: Volume: PciRoot(0x0)\Pci(0x17,0x0)\Sata(0x0,0xFFFF,0x0)
1:121  0:006  - [01]: Volume: PciRoot(0x0)\Pci(0x17,0x0)\Sata(0x1,0xFFFF,0x0)
1:122  0:000  - [02]: Volume: PciRoot(0x0)\Pci(0x17,0x0)\Sata(0x0,0xFFFF,0x0)\HD(1,GPT,61A7F53B-4573-11E9-8C7A-74DFBF822CCA,0x800,0x112800)
1:122  0:000          Result of bootcode detection: bootable Windows (vista,win)
1:122  0:000          hiding this volume
1:122  0:000  - [03]: Volume: PciRoot(0x0)\Pci(0x17,0x0)\Sata(0x0,0xFFFF,0x0)\HD(2,GPT,61A7F53C-4573-11E9-8C7A-74DFBF822CCA,0x113000,0x3A240800)
1:123  0:000          Result of bootcode detection: bootable Windows (vista,win)
1:123  0:000  - [04]: Volume: PciRoot(0x0)\Pci(0x17,0x0)\Sata(0x0,0xFFFF,0x0)\HD(3,GPT,61A7F53D-4573-11E9-8C7A-74DFBF822CCA,0x3A353800,0x32000)
1:123  0:000          Result of bootcode detection: bootable Windows (vista,win)
1:125  0:001  - [05]: Volume: PciRoot(0x0)\Pci(0x17,0x0)\Sata(0x1,0xFFFF,0x0)\HD(1,GPT,9C92A48B-F2FA-4495-BA28-D58D8A4552C1,0x28,0x64000)
1:126  0:000          Result of bootcode detection: bootable unknown (legacy)
1:128  0:001          This is SelfVolume !!
1:128  0:000  - [06]: Volume: PciRoot(0x0)\Pci(0x17,0x0)\Sata(0x1,0xFFFF,0x0)\HD(2,GPT,F4C92CE7-0D38-4311-8642-BCAAA6631F86,0x64028,0x3A321FE0)
1:128  0:000          Result of bootcode detection: bootable unknown (legacy)
1:128  0:000  - [07]: Volume: PciRoot(0x0)\Pci(0x17,0x0)\Sata(0x1,0xFFFF,0x0)\HD(2,GPT,F4C92CE7-0D38-4311-8642-BCAAA6631F86,0x64028,0x3A321FE0)\VenMedia(BE74FCF7-0B7C-49F3-9147-01F4042E6842,240953C7E71B354D9514C70ACBB2ADE9)
1:128  0:000          hiding this volume
1:128  0:000  - [08]: Volume: PciRoot(0x0)\Pci(0x17,0x0)\Sata(0x1,0xFFFF,0x0)\HD(2,GPT,F4C92CE7-0D38-4311-8642-BCAAA6631F86,0x64028,0x3A321FE0)\VenMedia(BE74FCF7-0B7C-49F3-9147-01F4042E6842,335181A16736EF3691E008F85E3370A9)
1:128  0:000  - [09]: Volume: PciRoot(0x0)\Pci(0x17,0x0)\Sata(0x1,0xFFFF,0x0)\HD(2,GPT,F4C92CE7-0D38-4311-8642-BCAAA6631F86,0x64028,0x3A321FE0)\VenMedia(BE74FCF7-0B7C-49F3-9147-01F4042E6842,EC8468E4A93FC24EBE397969D3825185)
1:128  0:000          hiding this volume
1:128  0:000  - [10]: Volume: PciRoot(0x0)\Pci(0x17,0x0)\Sata(0x1,0xFFFF,0x0)\HD(2,GPT,F4C92CE7-0D38-4311-8642-BCAAA6631F86,0x64028,0x3A321FE0)\VenMedia(BE74FCF7-0B7C-49F3-9147-01F4042E6842,C29BD931FE4FDC4E88D4F74726A4F491)
1:128  0:000  === [ InitTheme ] =========================================
1:128  0:000   using embedded theme
1:129  0:000  Using embedded font: Success
1:129  0:000  Choosing theme <null string>
1:130  0:000  after NVRAM boot-args=dart=0 -disablegfxfirmware
1:130  0:000  === [ Dump SMC keys from NVRAM ] ==========================
1:130  0:000  found AppleSMC protocol
1:224  0:094  Registered 18 SMC keys
1:229  0:004  === [ ScanLoader ] ========================================
1:229  0:000  - [02]: 'System Reserved', hidden
1:229  0:000  - [03]: ''
1:229  0:000  - [04]: 'EFI'
1:332  0:103          AddLoaderEntry for Volume Name=EFI
1:347  0:014  - [05]: 'EFI'
1:375  0:028  - [07]: 'Preboot', hidden
1:375  0:000  - [08]: 'OSX'
1:474  0:098          AddLoaderEntry for Volume Name=OSX
1:518  0:044      Check if volume Is Hibernated:
1:518  0:000      Check sleep image 'by signature':
1:598  0:080      read prefs \Library\Preferences\com.apple.PowerManagement.plist status=Success
1:598  0:000      using default sleep image name = \private\var\vm\sleepimage
1:645  0:046      sleepimage not found -> Not Found
1:645  0:000      hibernated: no - sign
1:712  0:067  - [09]: 'Recovery', hidden
1:712  0:000  - [10]: 'VM'
1:712  0:000  Scanning legacy ...
1:712  0:000   2: 'System Reserved' (vista,win) hidden
1:712  0:000   3: '' (vista,win) add legacy
1:712  0:000   added 'Boot Windows from ' OSType=2 Icon=vista,win
1:712  0:000   4: 'EFI' (vista,win) add legacy
1:712  0:000   added 'Boot Windows from EFI' OSType=2 Icon=vista,win
1:712  0:000  === [ AddCustomTool ] =====================================
1:714  0:002  found tool \EFI\CLOVER\tools\Shell64U.efi
1:714  0:000  Checking EFI partition Volume 4 for Clover
1:723  0:008  Checking EFI partition Volume 5 for Clover
1:727  0:004   Found Clover
1:728  0:000  === [ GetEfiBootDeviceFromNvram ] =========================
1:729  0:001   - efi-boot-device-data: PciRoot(0x0)\Pci(0x17,0x0)\Sata(0x1,0xFFFF,0x0)\HD(2,GPT,F4C92CE7-0D38-4311-8642-BCAAA6631F86,0x64028,0x3A321FE0)\VenMedia(BE74FCF7-0B7C-49F3-9147-01F4042E6842,335181A16736EF3691E008F85E3370A9)
1:729  0:000    - Volume: 'PciRoot(0x0)\Pci(0x17,0x0)\Sata(0x1,0xFFFF,0x0)\HD(2,GPT,F4C92CE7-0D38-4311-8642-BCAAA6631F86,0x64028,0x3A321FE0)\VenMedia(BE74FCF7-0B7C-49F3-9147-01F4042E6842,335181A16736EF3691E008F85E3370A9)'
1:729  0:000    - LoaderPath: '<null string>'
1:729  0:000    - Guid = F4C92CE7-0D38-4311-8642-BCAAA6631F86
1:729  0:000  === [ FindStartupDiskVolume ] =============================
1:729  0:000    - Volume: partition = PciRoot(0x0)\Pci(0x17,0x0)\Sata(0x1,0xFFFF,0x0)\HD(2,GPT,F4C92CE7-0D38-4311-8642-BCAAA6631F86,0x64028,0x3A321FE0)\VenMedia(BE74FCF7-0B7C-49F3-9147-01F4042E6842,335181A16736EF3691E008F85E3370A9)
1:729  0:000     - searching for that partition
1:729  0:000      - found entry 1. 'Boot macOS from OSX', Volume 'OSX'
1:729  0:000  Boot redirected to Entry 1. 'Boot macOS from OSX'
1:729  0:000  DefaultIndex=1 and MainMenu.EntryCount=10
2:513  0:784  GUI ready
15:204  12:690  BootVariable of the entry is empty
15:204  0:000  === [ StartLoader ] =======================================
15:204  0:000  Finally: ExternalClock=25MHz BusSpeed=100013kHz CPUFreq=4201MHz PIS: hw.busfrequency=100000000Hz
15:204  0:000  Loading bootmgfw.efi  status=Success
15:374  0:169  Closing events for Windows
15:374  0:000  OtherOS: Found Acpi 2.0 RSDP 0xB82B2000
15:374  0:000  RSDT at B82B2028
15:374  0:000  XSDT at B82B20A8
15:374  0:000  FADT pointer = B82DADE0
15:379  0:005  Cleanup RSDT: count=20, length=116
15:379  0:000  corrected RSDT: count=20, length=116
15:379  0:000  Cleanup XSDT: count=20, length=196
15:379  0:000  corrected XSDT count=20, length=196
15:379  0:000  SetStartupDiskVolume:
15:379  0:000    * Volume: 'EFI'
15:379  0:000    * LoaderPath: '\EFI\microsoft\Boot\bootmgfw.efi'
15:379  0:000    * DevPath: EFI
15:379  0:000    * GUID = 61A7F53D-4573-11E9-8C7A-74DFBF822CCA
15:382  0:002    * efi-boot-device: <array><dict><key>IOMatch</key><dict><key>IOProviderClass</key><string>IOMedia</string><key>IOPropertyMatch</key><dict><key>UUID</key><string>61A7F53D-4573-11E9-8C7A-74DFBF822CCA</string></dict></dict></dict></array>
15:385  0:003  Closing log
